This is e-upTeX, Version 3.14159265-p3.8.1-u1.23-180226-2.6 (utf8.uptex) (TeX Live 2018) (preloaded format=uplatex 2018.11.18)  13 DEC 2020 04:10
entering extended mode
 restricted \write18 enabled.
 %&-line parsing enabled.
**CV.cv.tex
(/usr/local/texlive/2018/texmf-dist/tex/latex/tools/q.tex
! Interruption.
<to be read again> 
                   \begingroup 
l.1 
    %%
? 
pLaTeX2e <2018-07-28u02>+1 (based on LaTeX2e <2018-04-01> patch level 5)
File ignored
)
! Emergency stop.
<*> CV.cv.tex
             
*** (job aborted, no legal \end found)

 
Here is how much of TeX's memory you used:
 6 strings out of 494714
 174 string characters out of 6180302
 56983 words of memory out of 5000000
 3948 multiletter control sequences out of 15000+600000
 6281 words of font info for 32 fonts, out of 8000000 for 9000
 14 hyphenation exceptions out of 8191
 5i,0n,3p,89b,8s stack positions out of 5000i,500n,10000p,200000b,80000s
No pages of output.
